  wall.cpp
  shadow.cpp
  polygon.cpp
  model.cpp
c:\users\student\desktop\gitフォルダ\game_3dteamc\キャリアデザイン_c班\3dバックアップ\堀合 稀\3daction000\model.cpp(117): warning C4244: '/=': 'double' から 'float' への変換です。データが失われる可能性があります。
c:\users\student\desktop\gitフォルダ\game_3dteamc\キャリアデザイン_c班\3dバックアップ\堀合 稀\3daction000\model.cpp(118): warning C4244: '/=': 'double' から 'float' への変換です。データが失われる可能性があります。
c:\users\student\desktop\gitフォルダ\game_3dteamc\キャリアデザイン_c班\3dバックアップ\堀合 稀\3daction000\model.cpp(119): warning C4244: '/=': 'double' から 'float' への変換です。データが失われる可能性があります。
c:\users\student\desktop\gitフォルダ\game_3dteamc\キャリアデザイン_c班\3dバックアップ\堀合 稀\3daction000\model.cpp(120): warning C4244: '/=': 'double' から 'float' への変換です。データが失われる可能性があります。
c:\users\student\desktop\gitフォルダ\game_3dteamc\キャリアデザイン_c班\3dバックアップ\堀合 稀\3daction000\model.cpp(127): warning C4244: '/=': 'double' から 'float' への変換です。データが失われる可能性があります。
c:\users\student\desktop\gitフォルダ\game_3dteamc\キャリアデザイン_c班\3dバックアップ\堀合 稀\3daction000\model.cpp(128): warning C4244: '/=': 'double' から 'float' への変換です。データが失われる可能性があります。
c:\users\student\desktop\gitフォルダ\game_3dteamc\キャリアデザイン_c班\3dバックアップ\堀合 稀\3daction000\model.cpp(129): warning C4244: '/=': 'double' から 'float' への変換です。データが失われる可能性があります。
c:\users\student\desktop\gitフォルダ\game_3dteamc\キャリアデザイン_c班\3dバックアップ\堀合 稀\3daction000\model.cpp(130): warning C4244: '/=': 'double' から 'float' への変換です。データが失われる可能性があります。
c:\users\student\desktop\gitフォルダ\game_3dteamc\キャリアデザイン_c班\3dバックアップ\堀合 稀\3daction000\model.cpp(143): warning C4244: '/=': 'double' から 'float' への変換です。データが失われる可能性があります。
c:\users\student\desktop\gitフォルダ\game_3dteamc\キャリアデザイン_c班\3dバックアップ\堀合 稀\3daction000\model.cpp(144): warning C4244: '/=': 'double' から 'float' への変換です。データが失われる可能性があります。
c:\users\student\desktop\gitフォルダ\game_3dteamc\キャリアデザイン_c班\3dバックアップ\堀合 稀\3daction000\model.cpp(145): warning C4244: '/=': 'double' から 'float' への変換です。データが失われる可能性があります。
c:\users\student\desktop\gitフォルダ\game_3dteamc\キャリアデザイン_c班\3dバックアップ\堀合 稀\3daction000\model.cpp(146): warning C4244: '/=': 'double' から 'float' への変換です。データが失われる可能性があります。
c:\users\student\desktop\gitフォルダ\game_3dteamc\キャリアデザイン_c班\3dバックアップ\堀合 稀\3daction000\model.cpp(153): warning C4244: '/=': 'double' から 'float' への変換です。データが失われる可能性があります。
c:\users\student\desktop\gitフォルダ\game_3dteamc\キャリアデザイン_c班\3dバックアップ\堀合 稀\3daction000\model.cpp(154): warning C4244: '/=': 'double' から 'float' への変換です。データが失われる可能性があります。
c:\users\student\desktop\gitフォルダ\game_3dteamc\キャリアデザイン_c班\3dバックアップ\堀合 稀\3daction000\model.cpp(155): warning C4244: '/=': 'double' から 'float' への変換です。データが失われる可能性があります。
c:\users\student\desktop\gitフォルダ\game_3dteamc\キャリアデザイン_c班\3dバックアップ\堀合 稀\3daction000\model.cpp(156): warning C4244: '/=': 'double' から 'float' への変換です。データが失われる可能性があります。
  meshwall.cpp
c:\users\student\desktop\gitフォルダ\game_3dteamc\キャリアデザイン_c班\3dバックアップ\堀合 稀\3daction000\meshwall.cpp(412): warning C4101: 'pVtx': ローカル変数は 1 度も使われていません。
  meshfield.cpp
  main.cpp
  light.cpp
  input.cpp
  camera.cpp
  billboard.cpp
  コードを生成中...
  3DAction000.vcxproj -> C:\Users\student\Desktop\Gitフォルダ\game_3DteamC\キャリアデザイン_C班\3Dバックアップ\堀合 稀\3DAction000\3DAction000.exe
  3DAction000.vcxproj -> C:\Users\student\Desktop\Gitフォルダ\game_3DteamC\キャリアデザイン_C班\3Dバックアップ\堀合 稀\3DAction000\3DAction000.pdb (Full PDB)
